[
    {
        "Id": "b57be909b47f7531fec2070b9b57fbd56625d8509821cca577b5a4aea81409b3",
        "Created": "2020-03-31T22:12:06.843253729Z",
        "Path": "bash",
        "Args": [],
        "State": {
            "Status": "running",
            "Running": true,
            "Paused": false,
            "Restarting": false,
            "OOMKilled": false,
            "Dead": false,
            "Pid": 1063615,
            "ExitCode": 0,
            "Error": "",
            "StartedAt": "2020-03-31T22:13:20.638464435Z",
            "FinishedAt": "2020-03-31T22:13:11.861599412Z"
        },
        "Image": "sha256:4e5021d210f65ebe915670c7089120120bc0a303b90208592851708c1b8c04bd",
        "ResolvConfPath": "/var/lib/docker/containers/b57be909b47f7531fec2070b9b57fbd56625d8509821cca577b5a4aea81409b3/resolv.conf",
        "HostnamePath": "/var/lib/docker/containers/b57be909b47f7531fec2070b9b57fbd56625d8509821cca577b5a4aea81409b3/hostname",
        "HostsPath": "/var/lib/docker/containers/b57be909b47f7531fec2070b9b57fbd56625d8509821cca577b5a4aea81409b3/hosts",
        "LogPath": "/var/lib/docker/containers/b57be909b47f7531fec2070b9b57fbd56625d8509821cca577b5a4aea81409b3/b57be909b47f7531fec2070b9b57fbd56625d8509821cca577b5a4aea81409b3-json.log",
        "Name": "/trusting_brattain",
        "RestartCount": 0,
        "Driver": "overlay2",
        "Platform": "linux",
        "MountLabel": "",
        "ProcessLabel": "",
        "AppArmorProfile": "",
        "ExecIDs": null,
        "HostConfig": {
            "Binds": null,
            "ContainerIDFile": "",
            "LogConfig": {
                "Type": "json-file",
                "Config": {}
            },
            "NetworkMode": "default",
            "PortBindings": {},
            "RestartPolicy": {
                "Name": "no",
                "MaximumRetryCount": 0
            },
            "AutoRemove": false,
            "VolumeDriver": "",
            "VolumesFrom": null,
            "CapAdd": null,
            "CapDrop": null,
            "Capabilities": null,
            "Dns": [],
            "DnsOptions": [],
            "DnsSearch": [],
            "ExtraHosts": null,
            "GroupAdd": null,
            "IpcMode": "private",
            "Cgroup": "",
            "Links": null,
            "OomScoreAdj": 0,
            "PidMode": "",
            "Privileged": false,
            "PublishAllPorts": false,
            "ReadonlyRootfs": false,
            "SecurityOpt": null,
            "UTSMode": "",
            "UsernsMode": "",
            "ShmSize": 67108864,
            "Runtime": "runc",
            "ConsoleSize": [
                0,
                0
            ],
            "Isolation": "",
            "CpuShares": 0,
            "Memory": 0,
            "NanoCpus": 0,
            "CgroupParent": "",
            "BlkioWeight": 0,
            "BlkioWeightDevice": [],
            "BlkioDeviceReadBps": null,
            "BlkioDeviceWriteBps": null,
            "BlkioDeviceReadIOps": null,
            "BlkioDeviceWriteIOps": null,
            "CpuPeriod": 0,
            "CpuQuota": 0,
            "CpuRealtimePeriod": 0,
            "CpuRealtimeRuntime": 0,
            "CpusetCpus": "",
            "CpusetMems": "",
            "Devices": [],
            "DeviceCgroupRules": null,
            "DeviceRequests": null,
            "KernelMemory": 0,
            "KernelMemoryTCP": 0,
            "MemoryReservation": 0,
            "MemorySwap": 0,
            "MemorySwappiness": null,
            "OomKillDisable": false,
            "PidsLimit": null,
            "Ulimits": null,
            "CpuCount": 0,
            "CpuPercent": 0,
            "IOMaximumIOps": 0,
            "IOMaximumBandwidth": 0,
            "MaskedPaths": [
                "/proc/asound",
                "/proc/acpi",
                "/proc/kcore",
                "/proc/keys",
                "/proc/latency_stats",
                "/proc/timer_list",
                "/proc/timer_stats",
                "/proc/sched_debug",
                "/proc/scsi",
                "/sys/firmware"
            ],
            "ReadonlyPaths": [
                "/proc/bus",
                "/proc/fs",
                "/proc/irq",
                "/proc/sys",
                "/proc/sysrq-trigger"
            ]
        },
        "GraphDriver": {
            "Data": {
                "LowerDir": "/var/lib/docker/overlay2/c5baf610d65d3d8616848b8fadf166cdac5170d03acd12e2679c218c7882398a-init/diff:/var/lib/docker/overlay2/30ed02c96eb4f7e908521d0d8bd78666e2d3bfaa72ec4b14606e9ffe56870698/diff:/var/lib/docker/overlay2/7050bdfb8f208f62b469766600a25244cac4b430d5b71d93cf30a9302a6b6210/diff:/var/lib/docker/overlay2/a34b25164d2adb3b0825bdb1bd7c36b79624bd53aefdd674120b902aad1e01b7/diff:/var/lib/docker/overlay2/3106889faa2c09cdc0c92f1cc799dc99914c37c3449c63ba6087e02aa9ac628b/diff",
                "MergedDir": "/var/lib/docker/overlay2/c5baf610d65d3d8616848b8fadf166cdac5170d03acd12e2679c218c7882398a/merged",
                "UpperDir": "/var/lib/docker/overlay2/c5baf610d65d3d8616848b8fadf166cdac5170d03acd12e2679c218c7882398a/diff",
                "WorkDir": "/var/lib/docker/overlay2/c5baf610d65d3d8616848b8fadf166cdac5170d03acd12e2679c218c7882398a/work"
            },
            "Name": "overlay2"
        },
        "Mounts": [],
        "Config": {
            "Hostname": "b57be909b47f",
            "Domainname": "",
            "User": "",
            "AttachStdin": true,
            "AttachStdout": true,
            "AttachStderr": true,
            "Tty": true,
            "OpenStdin": true,
            "StdinOnce": true,
            "Env": [
                "PATH=/usr/local/sbin:/usr/local/bin:/usr/sbin:/usr/bin:/sbin:/bin"
            ],
            "Cmd": [
                "bash"
            ],
            "Image": "ubuntu",
            "Volumes": null,
            "WorkingDir": "",
            "Entrypoint": null,
            "OnBuild": null,
            "Labels": {}
        },
        "NetworkSettings": {
            "Bridge": "",
            "SandboxID": "aa2e8cbd03f312d02b7af08e33b479f3a99fc4c7188823e2b0ffb02369c485e8",
            "HairpinMode": false,
            "LinkLocalIPv6Address": "",
            "LinkLocalIPv6PrefixLen": 0,
            "Ports": {},
            "SandboxKey": "/var/run/docker/netns/aa2e8cbd03f3",
            "SecondaryIPAddresses": null,
            "SecondaryIPv6Addresses": null,
            "EndpointID": "3b6b58917ef2b5f1927926bd606acf3bead07392bffe9a2f5da96ddc4e4b7ecb",
            "Gateway": "172.17.0.1",
            "GlobalIPv6Address": "",
            "GlobalIPv6PrefixLen": 0,
            "IPAddress": "172.17.0.2",
            "IPPrefixLen": 16,
            "IPv6Gateway": "",
            "MacAddress": "02:42:ac:11:00:02",
            "Networks": {
                "bridge": {
                    "IPAMConfig": null,
                    "Links": null,
                    "Aliases": null,
                    "NetworkID": "1a2dfe62e36c082b7698db3b2be11a629b5f2ae46ec599cae9e78aa9bd1d8c37",
                    "EndpointID": "3b6b58917ef2b5f1927926bd606acf3bead07392bffe9a2f5da96ddc4e4b7ecb",
                    "Gateway": "172.17.0.1",
                    "IPAddress": "172.17.0.2",
                    "IPPrefixLen": 16,
                    "IPv6Gateway": "",
                    "GlobalIPv6Address": "",
                    "GlobalIPv6PrefixLen": 0,
                    "MacAddress": "02:42:ac:11:00:02",
                    "DriverOpts": null
                }
            }
        }
    }
]
